Determining if the pthread_create exist failed with the following output:
Change Dir: /home/Dylan/PARA/PROJET/duo/ParaDictionary/vigny_a/build/CMakeFiles/CMakeTmp

Run Build Command:"/usr/bin/make" "cmTC_78e0e/fast"
/usr/bin/make -f CMakeFiles/cmTC_78e0e.dir/build.make CMakeFiles/cmTC_78e0e.dir/build
make[1] : on entre dans le répertoire « /home/Dylan/PARA/PROJET/duo/ParaDictionary/vigny_a/build/CMakeFiles/CMakeTmp »
Building C object CMakeFiles/cmTC_78e0e.dir/CheckSymbolExists.c.o
/usr/bin/cc    -o CMakeFiles/cmTC_78e0e.dir/CheckSymbolExists.c.o   -c /home/Dylan/PARA/PROJET/duo/ParaDictionary/vigny_a/build/CMakeFiles/CMakeTmp/CheckSymbolExists.c
Linking C executable cmTC_78e0e
/usr/bin/cmake -E cmake_link_script CMakeFiles/cmTC_78e0e.dir/link.txt --verbose=1
/usr/bin/cc      CMakeFiles/cmTC_78e0e.dir/CheckSymbolExists.c.o  -o cmTC_78e0e 
CMakeFiles/cmTC_78e0e.dir/CheckSymbolExists.c.o : Dans la fonction « main » :
CheckSymbolExists.c:(.text+0x1b) : référence indéfinie vers « pthread_create »
collect2: error: ld returned 1 exit status
CMakeFiles/cmTC_78e0e.dir/build.make:97: recipe for target 'cmTC_78e0e' failed
make[1]: *** [cmTC_78e0e] Error 1
make[1] : on quitte le répertoire « /home/Dylan/PARA/PROJET/duo/ParaDictionary/vigny_a/build/CMakeFiles/CMakeTmp »
Makefile:126: recipe for target 'cmTC_78e0e/fast' failed
make: *** [cmTC_78e0e/fast] Error 2

File /home/Dylan/PARA/PROJET/duo/ParaDictionary/vigny_a/build/CMakeFiles/CMakeTmp/CheckSymbolExists.c:
/* */
#include <pthread.h>

int main(int argc, char** argv)
{
  (void)argv;
#ifndef pthread_create
  return ((int*)(&pthread_create))[argc];
#else
  (void)argc;
  return 0;
#endif
}

Determining if the function pthread_create exists in the pthreads failed with the following output:
Change Dir: /home/Dylan/PARA/PROJET/duo/ParaDictionary/vigny_a/build/CMakeFiles/CMakeTmp

Run Build Command:"/usr/bin/make" "cmTC_c16e3/fast"
/usr/bin/make -f CMakeFiles/cmTC_c16e3.dir/build.make CMakeFiles/cmTC_c16e3.dir/build
make[1] : on entre dans le répertoire « /home/Dylan/PARA/PROJET/duo/ParaDictionary/vigny_a/build/CMakeFiles/CMakeTmp »
Building C object CMakeFiles/cmTC_c16e3.dir/CheckFunctionExists.c.o
/usr/bin/cc   -DCHECK_FUNCTION_EXISTS=pthread_create   -o CMakeFiles/cmTC_c16e3.dir/CheckFunctionExists.c.o   -c /usr/share/cmake-3.10/Modules/CheckFunctionExists.c
Linking C executable cmTC_c16e3
/usr/bin/cmake -E cmake_link_script CMakeFiles/cmTC_c16e3.dir/link.txt --verbose=1
/usr/bin/cc  -DCHECK_FUNCTION_EXISTS=pthread_create    CMakeFiles/cmTC_c16e3.dir/CheckFunctionExists.c.o  -o cmTC_c16e3 -lpthreads 
/usr/bin/x86_64-linux-gnu-ld : ne peut trouver -lpthreads
collect2: error: ld returned 1 exit status
CMakeFiles/cmTC_c16e3.dir/build.make:97: recipe for target 'cmTC_c16e3' failed
make[1]: *** [cmTC_c16e3] Error 1
make[1] : on quitte le répertoire « /home/Dylan/PARA/PROJET/duo/ParaDictionary/vigny_a/build/CMakeFiles/CMakeTmp »
Makefile:126: recipe for target 'cmTC_c16e3/fast' failed
make: *** [cmTC_c16e3/fast] Error 2


